<?xml version="1.0" encoding="UTF-8"?>
<!-- Generated by org.testng.reporters.JUnitReportReporter -->
<testsuite hostname="LAPTOP-L1LP1MJC" failures="0" tests="3" name="stepdefination.Test2" time="0.014" errors="0" timestamp="2024-07-28T09:57:16 IST" skipped="0">
  <testcase classname="stepdefination.Test2" name="Ball" time="0.002"/>
  <system-out/>
  <testcase classname="stepdefination.Test2" name="Orange" time="0.010"/>
  <system-out/>
  <testcase classname="stepdefination.Test2" name="apple" time="0.002"/>
  <system-out/>
</testsuite> <!-- stepdefination.Test2 -->
