<?xml version="1.0" encoding="UTF-8"?>
<!-- Generated by org.testng.reporters.JUnitReportReporter -->
<testsuite hostname="DESKTOP-EH37MPF" failures="0" tests="1" name="runner.TestNGRunner" time="24.045" errors="0" timestamp="2024-07-21T08:53:31 IST" skipped="0">
  <testcase classname="runner.TestNGRunner" name="runScenario" time="24.045"/>
  <system-out/>
</testsuite> <!-- runner.TestNGRunner -->
