<?xml version="1.0" encoding="UTF-8"?>
<!-- Generated by org.testng.reporters.JUnitReportReporter -->
<testsuite hostname="DESKTOP-EH37MPF" failures="0" tests="1" name="runner.TestNGRunner" time="2.190" errors="0" timestamp="2024-07-20T08:58:11 IST" skipped="0">
  <testcase classname="runner.TestNGRunner" name="runScenario" time="2.190"/>
  <system-out/>
</testsuite> <!-- runner.TestNGRunner -->
