<?xml version="1.0" encoding="UTF-8"?>
<!-- Generated by org.testng.reporters.JUnitReportReporter -->
<testsuite hostname="LAPTOP-L1LP1MJC" failures="0" tests="1" name="runner.TestNGRunner" time="33.524" errors="0" timestamp="2024-07-28T10:48:45 IST" skipped="0">
  <testcase classname="runner.TestNGRunner" name="runScenario" time="33.524"/>
  <system-out/>
</testsuite> <!-- runner.TestNGRunner -->
