<?xml version="1.0" encoding="UTF-8"?>
<!-- Generated by org.testng.reporters.JUnitReportReporter -->
<testsuite hostname="manis-MacBook-Pro.local" failures="0" tests="1" name="runner.TestNGRunner" time="1.351" errors="0" timestamp="2024-07-21T11:38:21 IST" skipped="0">
  <testcase classname="runner.TestNGRunner" name="runScenario" time="1.351"/>
  <system-out/>
</testsuite> <!-- runner.TestNGRunner -->
